<?xml version="1.0" encoding="UTF-8"?>
<!-- Generated by org.testng.reporters.JUnitXMLReporter -->
<testsuite hostname="IPLCEWKS03344" ignored="0" name="MLA Application Test Cases1" tests="3" failures="0" timestamp="18 Jun 2019 10:15:20 GMT" time="44.711" errors="0">
  <testcase name="loginPageTitleTest" time="0.015" classname="com.mla.qa.testcases.LoginTestPage"/>
  <testcase name="mlaLogoImageTest" time="0.054" classname="com.mla.qa.testcases.LoginTestPage"/>
  <testcase name="loginTest" time="14.691" classname="com.mla.qa.testcases.LoginTestPage"/>
</testsuite> <!-- MLA Application Test Cases1 -->
