<?xml version="1.0" encoding="UTF-8"?>
<!-- Generated by org.testng.reporters.JUnitXMLReporter -->
<testsuite hostname="IPLCEWKS03344" ignored="0" name="MLA Application Test Cases3" tests="2" failures="0" timestamp="14 Jun 2019 08:25:41 GMT" time="28.666" errors="0">
  <testcase name="SearchByPublisherName" time="0.211" classname="com.mla.qa.testcases.SearchPublisherPageTest"/>
  <testcase name="SelectAndDeletePubTest" time="1.21" classname="com.mla.qa.testcases.SearchPublisherPageTest"/>
</testsuite> <!-- MLA Application Test Cases3 -->
