<?xml version="1.0" encoding="UTF-8"?>
<testng-results skipped="0" failed="0" ignored="0" total="1" passed="1">
  <reporter-output>
  </reporter-output>
  <suite name="Default suite" duration-ms="24971" started-at="2019-06-14T10:40:27Z" finished-at="2019-06-14T10:40:52Z">
    <groups>
    </groups>
    <test name="Default test" duration-ms="24971" started-at="2019-06-14T10:40:27Z" finished-at="2019-06-14T10:40:52Z">
      <class name="com.mla.qa.testcases.AddPublisherPageTest">
        <test-method status="PASS" signature="setUp()[pri:0, instance:com.mla.qa.testcases.AddPublisherPageTest@3bfdc050]" name="setUp" is-config="true" duration-ms="24377" started-at="2019-06-14T10:40:27Z" finished-at="2019-06-14T10:40:51Z">
          <reporter-output>
          </reporter-output>
        </test-method> <!-- setUp -->
        <test-method status="PASS" signature="AddNewPublisherDetails()[pri:1, instance:com.mla.qa.testcases.AddPublisherPageTest@3bfdc050]" name="AddNewPublisherDetails" duration-ms="573" started-at="2019-06-14T10:40:51Z" finished-at="2019-06-14T10:40:52Z">
          <reporter-output>
          </reporter-output>
        </test-method> <!-- AddNewPublisherDetails -->
        <test-method status="PASS" signature="tearDown()[pri:0, instance:com.mla.qa.testcases.AddPublisherPageTest@3bfdc050]" name="tearDown" is-config="true" duration-ms="1" started-at="2019-06-14T10:40:52Z" finished-at="2019-06-14T10:40:52Z">
          <reporter-output>
          </reporter-output>
        </test-method> <!-- tearDown -->
      </class> <!-- com.mla.qa.testcases.AddPublisherPageTest -->
    </test> <!-- Default test -->
  </suite> <!-- Default suite -->
</testng-results>
